Using pre-set license
Built from '2020.3/release' branch; Version is '2020.3.1f1 (77a89f25062f) revision 7841951'; Using compiler version '192528614'; Build Type 'Release'
OS: 'Windows 10 Pro; OS build 19045.3208; Version 2009; 64bit' Language: 'pt' Physical Memory: 16292 MB
BatchMode: 1, IsHumanControllingUs: 0, StartBugReporterOnCrash: 0, Is64bit: 1, IsPro: 0

 COMMAND LINE ARGUMENTS:
C:\Program Files\Unity\Hub\Editor\2020.3.1f1\Editor\Unity.exe
-adb2
-batchMode
-noUpm
-name
AssetImportWorker0
-projectPath
C:/Users/stefane.orichuela.021/Documents/Create-with-VR_2020LTS/VR Room StefWolf
-logFile
Logs/AssetImportWorker0.log
-srvPort
58839
Successfully changed project path to: C:/Users/stefane.orichuela.021/Documents/Create-with-VR_2020LTS/VR Room StefWolf
C:/Users/stefane.orichuela.021/Documents/Create-with-VR_2020LTS/VR Room StefWolf
Using Asset Import Pipeline V2.
Refreshing native plugins compatible for Editor in 74.31 ms, found 8 plugins.
Preloading 1 native plugins for Editor in 0.93 ms.
Initialize engine version: 2020.3.1f1 (77a89f25062f)
[Subsystems] Discovering subsystems at path C:/Program Files/Unity/Hub/Editor/2020.3.1f1/Editor/Data/Resources/UnitySubsystems
[Subsystems] Discovering subsystems at path C:/Users/stefane.orichuela.021/Documents/Create-with-VR_2020LTS/VR Room StefWolf/Assets
GfxDevice: creating device client; threaded=0
Direct3D:
    Version:  Direct3D 11.0 [level 11.1]
    Renderer: NVIDIA GeForce GTX 1060 6GB (ID=0x1c03)
    Vendor:   
    VRAM:     6043 MB
    Driver:   31.0.15.3179
Shader 'Universal Render Pipeline/Particles/Lit': fallback shader 'Universal Render Pipeline/Particles/SimpleLit' not found
Initialize mono
Mono path[0] = 'C:/Program Files/Unity/Hub/Editor/2020.3.1f1/Editor/Data/Managed'
Mono path[1] = 'C:/Program Files/Unity/Hub/Editor/2020.3.1f1/Editor/Data/MonoBleedingEdge/lib/mono/unityjit'
Mono config path = 'C:/Program Files/Unity/Hub/Editor/2020.3.1f1/Editor/Data/MonoBleedingEdge/etc'
Using monoOptions --debugger-agent=transport=dt_socket,embedding=1,server=y,suspend=n,address=127.0.0.1:56904
Begin MonoManager ReloadAssembly
Registering precompiled unity dll's ...
Register platform support module: C:/Program Files/Unity/Hub/Editor/2020.3.1f1/Editor/Data/PlaybackEngines/WindowsStandaloneSupport/UnityEditor.WindowsStandalone.Extensions.dll
Registered in 0.002435 seconds.
Native extension for WindowsStandalone target not found
Refreshing native plugins compatible for Editor in 64.88 ms, found 8 plugins.
Preloading 1 native plugins for Editor in 0.10 ms.
Invoked RoslynAnalysisRunner static constructor.
RoslynAnalysisRunner will not be running.
RoslynAnalysisRunner has terminated.
Mono: successfully reloaded assembly
- Completed reload, in  1.280 seconds
Platform modules already initialized, skipping
Registering precompiled user dll's ...
Registered in 0.007793 seconds.
Begin MonoManager ReloadAssembly
Native extension for WindowsStandalone target not found
Refreshing native plugins compatible for Editor in 66.54 ms, found 8 plugins.
Preloading 1 native plugins for Editor in 0.10 ms.
Invoked RoslynAnalysisRunner static constructor.
RoslynAnalysisRunner will not be running.
RoslynAnalysisRunner has terminated.
[XR] OculusXRPlugin: registering subsystems
[XR] Unable to register display lifecyle provider: [1]
[XR] Oculus Input lifecycle provider registered.
[XR] Unable to register input lifecyle provider: [1]
NullReferenceException: Object reference not set to an instance of an object
  at Unity.XR.Oculus.OculusLoader.AssetPathToAbsolutePath (System.String assetPath) [0x00048] in C:\Users\stefane.orichuela.021\Documents\Create-with-VR_2020LTS\VR Room StefWolf\Library\PackageCache\com.unity.xr.oculus@1.8.1\Runtime\OculusLoader.cs:243 
  at Unity.XR.Oculus.OculusLoader.EditorLoadOVRPlugin () [0x0007b] in C:\Users\stefane.orichuela.021\Documents\Create-with-VR_2020LTS\VR Room StefWolf\Library\PackageCache\com.unity.xr.oculus@1.8.1\Runtime\OculusLoader.cs:228 

(Filename: Library/PackageCache/com.unity.xr.oculus@1.8.1/Runtime/OculusLoader.cs Line: 243)

Mono: successfully reloaded assembly
- Completed reload, in  1.413 seconds
Platform modules already initialized, skipping
========================================================================
Worker process is ready to serve import requests
Shader 'Universal Render Pipeline/Particles/Lit': fallback shader 'Universal Render Pipeline/Particles/SimpleLit' not found
Launched and connected shader compiler UnityShaderCompiler.exe after 0.04 seconds
Refreshing native plugins compatible for Editor in 1.38 ms, found 8 plugins.
Preloading 1 native plugins for Editor in 0.13 ms.
Unloading 3105 Unused Serialized files (Serialized files now loaded: 0)
System memory in use before: 143.7 MB.
System memory in use after: 143.7 MB.

Unloading 26 unused Assets to reduce memory usage. Loaded Objects now: 3542.
Total: 3.866800 ms (FindLiveObjects: 0.314100 ms CreateObjectMapping: 0.148900 ms MarkObjects: 3.319900 ms  DeleteObjects: 0.082400 ms)

========================================================================
Received Import Request.
  path: Assets/_Course Library/_Prefabs/VR/Reticles/VR_Reticle_Square.prefab
  artifactKey: Guid(493691fe396bc5c40900e8a234c5c60e) Importer(815301076,1909f56bfc062723c751e8b465ee728b)
Start importing Assets/_Course Library/_Prefabs/VR/Reticles/VR_Reticle_Square.prefab using Guid(493691fe396bc5c40900e8a234c5c60e) Importer(815301076,1909f56bfc062723c751e8b465ee728b)  -> (artifact id: '2b3a9e571bf0b20412ed18ae2f67a7d3') in 0.349297 seconds
  Import took 0.356489 seconds .

========================================================================
Received Import Request.
  Time since last request: 0.000237 seconds.
  path: Assets/_Course Library/_Prefabs/VR/Reticles
  artifactKey: Guid(b63d8278b903a4f8899cdf845ca17612) Importer(815301076,1909f56bfc062723c751e8b465ee728b)
Start importing Assets/_Course Library/_Prefabs/VR/Reticles using Guid(b63d8278b903a4f8899cdf845ca17612) Importer(815301076,1909f56bfc062723c751e8b465ee728b)  -> (artifact id: '5f35062615ab262c0a9f191116db1105') in 0.011234 seconds
  Import took 0.016862 seconds .

========================================================================
Received Import Request.
  Time since last request: 0.000217 seconds.
  path: Assets/_Course Library/_Prefabs/VR/Reticles/VR_Reticle_Circular.prefab
  artifactKey: Guid(50f8d835961353c4a8e0c4b77d7f8876) Importer(815301076,1909f56bfc062723c751e8b465ee728b)
Start importing Assets/_Course Library/_Prefabs/VR/Reticles/VR_Reticle_Circular.prefab using Guid(50f8d835961353c4a8e0c4b77d7f8876) Importer(815301076,1909f56bfc062723c751e8b465ee728b)  -> (artifact id: 'c7d6fefec092e6b8875163a1239d0904') in 0.030689 seconds
  Import took 0.039361 seconds .

========================================================================
Received Import Request.
  Time since last request: 12.238611 seconds.
  path: Assets/Scenes/StefWolf Room.unity
  artifactKey: Guid(afdcb113ffd5a4353ad88f0dd03743af) Importer(815301076,1909f56bfc062723c751e8b465ee728b)
Start importing Assets/Scenes/StefWolf Room.unity using Guid(afdcb113ffd5a4353ad88f0dd03743af) Importer(815301076,1909f56bfc062723c751e8b465ee728b)  -> (artifact id: '94646249d1e4848cc1775c985fdbee9f') in 0.016586 seconds
  Import took 0.025026 seconds .

========================================================================
Received Prepare
Registering precompiled user dll's ...
Registered in 0.008379 seconds.
Begin MonoManager ReloadAssembly
Native extension for WindowsStandalone target not found
Refreshing native plugins compatible for Editor in 1.49 ms, found 8 plugins.
Preloading 1 native plugins for Editor in 0.17 ms.
Invoked RoslynAnalysisRunner static constructor.
RoslynAnalysisRunner will not be running.
RoslynAnalysisRunner has terminated.
NullReferenceException: Object reference not set to an instance of an object
  at Unity.XR.Oculus.OculusLoader.AssetPathToAbsolutePath (System.String assetPath) [0x00048] in C:\Users\stefane.orichuela.021\Documents\Create-with-VR_2020LTS\VR Room StefWolf\Library\PackageCache\com.unity.xr.oculus@1.8.1\Runtime\OculusLoader.cs:243 
  at Unity.XR.Oculus.OculusLoader.EditorLoadOVRPlugin () [0x0007b] in C:\Users\stefane.orichuela.021\Documents\Create-with-VR_2020LTS\VR Room StefWolf\Library\PackageCache\com.unity.xr.oculus@1.8.1\Runtime\OculusLoader.cs:228 

(Filename: Library/PackageCache/com.unity.xr.oculus@1.8.1/Runtime/OculusLoader.cs Line: 243)

Mono: successfully reloaded assembly
- Completed reload, in  1.760 seconds
Platform modules already initialized, skipping
Shader 'Universal Render Pipeline/Particles/Lit': fallback shader 'Universal Render Pipeline/Particles/SimpleLit' not found
Refreshing native plugins compatible for Editor in 3.28 ms, found 8 plugins.
Preloading 1 native plugins for Editor in 0.78 ms.
Unloading 2966 Unused Serialized files (Serialized files now loaded: 0)
System memory in use before: 138.3 MB.
System memory in use after: 138.5 MB.

Unloading 19 unused Assets to reduce memory usage. Loaded Objects now: 3590.
Total: 31.939100 ms (FindLiveObjects: 0.507000 ms CreateObjectMapping: 0.187600 ms MarkObjects: 31.201500 ms  DeleteObjects: 0.041300 ms)

AssetImportWorkerClient::OnTransportError - code=2 error=End of file
